#! /usr/local/Cellar/icarus-verilog/0.9.7/bin/vvp
:ivl_version "0.9.7 " "(v0_9_7)";
:vpi_time_precision + 0;
:vpi_module "system";
:vpi_module "v2005_math";
:vpi_module "va_math";
S_0x7ff869f02d00 .scope module, "TestMod" "TestMod" 2 5;
 .timescale 0 0;
RS_0x10dbc0008 .resolv tri, L_0x7ff869f14a10, L_0x7ff869f15400, L_0x7ff869f15d70, L_0x7ff869f16610;
v0x7ff869f14160_0 .net8 "C", 3 0, RS_0x10dbc0008; 4 drivers
v0x7ff869f14910_0 .var "CLK", 0 0;
v0x7ff869f14990_0 .net "Q", 0 15, v0x7ff869f14890_0; 1 drivers
S_0x7ff869f147b0 .scope module, "my_ripple" "RippleMod" 2 17, 2 38, S_0x7ff869f02d00;
 .timescale 0 0;
v0x7ff869f145d0_0 .net "CLK", 0 0, v0x7ff869f14910_0; 1 drivers
v0x7ff869f14890_0 .var "Q", 0 15;
E_0x7ff869f13f50 .event posedge, v0x7ff869f145d0_0;
S_0x7ff869f02de0 .scope module, "my_coder" "CoderMod" 2 18, 2 28, S_0x7ff869f02d00;
 .timescale 0 0;
L_0x7ff869f14ae0/0/0 .functor OR 1, L_0x7ff869f14c30, L_0x7ff869f14d00, L_0x7ff869f14e50, L_0x7ff869f14ee0;
L_0x7ff869f14ae0/0/4 .functor OR 1, L_0x7ff869f14fb0, L_0x7ff869f15080, L_0x7ff869f15250, L_0x7ff869f15320;
L_0x7ff869f14ae0 .functor OR 1, L_0x7ff869f14ae0/0/0, L_0x7ff869f14ae0/0/4, C4<0>, C4<0>;
L_0x7ff869f14bd0/0/0 .functor OR 1, L_0x7ff869f154e0, L_0x7ff869f15610, L_0x7ff869f156e0, L_0x7ff869f157e0;
L_0x7ff869f14bd0/0/4 .functor OR 1, L_0x7ff869f158b0, L_0x7ff869f159c0, L_0x7ff869f15150, L_0x7ff869f15ce0;
L_0x7ff869f14bd0 .functor OR 1, L_0x7ff869f14bd0/0/0, L_0x7ff869f14bd0/0/4, C4<0>, C4<0>;
L_0x7ff869f15770/0/0 .functor OR 1, L_0x7ff869f15c50, L_0x7ff869f15ef0, L_0x7ff869f16070, L_0x7ff869f15e00;
L_0x7ff869f15770/0/4 .functor OR 1, L_0x7ff869f16240, L_0x7ff869f15fc0, L_0x7ff869f16420, L_0x7ff869f16180;
L_0x7ff869f15770 .functor OR 1, L_0x7ff869f15770/0/0, L_0x7ff869f15770/0/4, C4<0>, C4<0>;
L_0x7ff869f16350/0/0 .functor OR 1, L_0x7ff869f166e0, L_0x7ff869f16860, L_0x7ff869f16530, L_0x7ff869f16a30;
L_0x7ff869f16350/0/4 .functor OR 1, L_0x7ff869f16770, L_0x7ff869f16930, L_0x7ff869f15a50, L_0x7ff869f16b00;
L_0x7ff869f16350 .functor OR 1, L_0x7ff869f16350/0/0, L_0x7ff869f16350/0/4, C4<0>, C4<0>;
v0x7ff869f02ec0_0 .alias "C", 3 0, v0x7ff869f14160_0;
v0x7ff869f12f40_0 .alias "Q", 0 15, v0x7ff869f14990_0;
v0x7ff869f12fd0_0 .net *"_s1", 0 0, L_0x7ff869f14ae0; 1 drivers
v0x7ff869f13050_0 .net *"_s10", 0 0, L_0x7ff869f14ee0; 1 drivers
v0x7ff869f130e0_0 .net *"_s12", 0 0, L_0x7ff869f14fb0; 1 drivers
v0x7ff869f131a0_0 .net *"_s14", 0 0, L_0x7ff869f15080; 1 drivers
v0x7ff869f13230_0 .net *"_s16", 0 0, L_0x7ff869f15250; 1 drivers
v0x7ff869f132f0_0 .net *"_s18", 0 0, L_0x7ff869f15320; 1 drivers
v0x7ff869f13370_0 .net *"_s20", 0 0, L_0x7ff869f14bd0; 1 drivers
v0x7ff869f13440_0 .net *"_s23", 0 0, L_0x7ff869f154e0; 1 drivers
v0x7ff869f134c0_0 .net *"_s25", 0 0, L_0x7ff869f15610; 1 drivers
v0x7ff869f135a0_0 .net *"_s27", 0 0, L_0x7ff869f156e0; 1 drivers
v0x7ff869f13620_0 .net *"_s29", 0 0, L_0x7ff869f157e0; 1 drivers
v0x7ff869f13710_0 .net *"_s31", 0 0, L_0x7ff869f158b0; 1 drivers
v0x7ff869f13790_0 .net *"_s33", 0 0, L_0x7ff869f159c0; 1 drivers
v0x7ff869f13890_0 .net *"_s35", 0 0, L_0x7ff869f15150; 1 drivers
v0x7ff869f13910_0 .net *"_s37", 0 0, L_0x7ff869f15ce0; 1 drivers
v0x7ff869f13810_0 .net *"_s39", 0 0, L_0x7ff869f15770; 1 drivers
v0x7ff869f13a20_0 .net *"_s4", 0 0, L_0x7ff869f14c30; 1 drivers
v0x7ff869f13b40_0 .net *"_s42", 0 0, L_0x7ff869f15c50; 1 drivers
v0x7ff869f13bc0_0 .net *"_s44", 0 0, L_0x7ff869f15ef0; 1 drivers
v0x7ff869f13990_0 .net *"_s46", 0 0, L_0x7ff869f16070; 1 drivers
v0x7ff869f13cf0_0 .net *"_s48", 0 0, L_0x7ff869f15e00; 1 drivers
v0x7ff869f13aa0_0 .net *"_s50", 0 0, L_0x7ff869f16240; 1 drivers
v0x7ff869f13e30_0 .net *"_s52", 0 0, L_0x7ff869f15fc0; 1 drivers
v0x7ff869f13c40_0 .net *"_s54", 0 0, L_0x7ff869f16420; 1 drivers
v0x7ff869f13f80_0 .net *"_s56", 0 0, L_0x7ff869f16180; 1 drivers
v0x7ff869f13d70_0 .net *"_s58", 0 0, L_0x7ff869f16350; 1 drivers
v0x7ff869f140e0_0 .net *"_s6", 0 0, L_0x7ff869f14d00; 1 drivers
v0x7ff869f13eb0_0 .net *"_s61", 0 0, L_0x7ff869f166e0; 1 drivers
v0x7ff869f14250_0 .net *"_s63", 0 0, L_0x7ff869f16860; 1 drivers
v0x7ff869f14000_0 .net *"_s65", 0 0, L_0x7ff869f16530; 1 drivers
v0x7ff869f143d0_0 .net *"_s67", 0 0, L_0x7ff869f16a30; 1 drivers
v0x7ff869f142d0_0 .net *"_s69", 0 0, L_0x7ff869f16770; 1 drivers
v0x7ff869f14350_0 .net *"_s71", 0 0, L_0x7ff869f16930; 1 drivers
v0x7ff869f14450_0 .net *"_s73", 0 0, L_0x7ff869f15a50; 1 drivers
v0x7ff869f144d0_0 .net *"_s75", 0 0, L_0x7ff869f16b00; 1 drivers
v0x7ff869f14550_0 .net *"_s8", 0 0, L_0x7ff869f14e50; 1 drivers
L_0x7ff869f14a10 .part/pv L_0x7ff869f14ae0, 3, 1, 4;
L_0x7ff869f14c30 .part v0x7ff869f14890_0, 7, 1;
L_0x7ff869f14d00 .part v0x7ff869f14890_0, 6, 1;
L_0x7ff869f14e50 .part v0x7ff869f14890_0, 5, 1;
L_0x7ff869f14ee0 .part v0x7ff869f14890_0, 4, 1;
L_0x7ff869f14fb0 .part v0x7ff869f14890_0, 3, 1;
L_0x7ff869f15080 .part v0x7ff869f14890_0, 2, 1;
L_0x7ff869f15250 .part v0x7ff869f14890_0, 1, 1;
L_0x7ff869f15320 .part v0x7ff869f14890_0, 0, 1;
L_0x7ff869f15400 .part/pv L_0x7ff869f14bd0, 2, 1, 4;
L_0x7ff869f154e0 .part v0x7ff869f14890_0, 11, 1;
L_0x7ff869f15610 .part v0x7ff869f14890_0, 10, 1;
L_0x7ff869f156e0 .part v0x7ff869f14890_0, 9, 1;
L_0x7ff869f157e0 .part v0x7ff869f14890_0, 8, 1;
L_0x7ff869f158b0 .part v0x7ff869f14890_0, 3, 1;
L_0x7ff869f159c0 .part v0x7ff869f14890_0, 2, 1;
L_0x7ff869f15150 .part v0x7ff869f14890_0, 1, 1;
L_0x7ff869f15ce0 .part v0x7ff869f14890_0, 0, 1;
L_0x7ff869f15d70 .part/pv L_0x7ff869f15770, 1, 1, 4;
L_0x7ff869f15c50 .part v0x7ff869f14890_0, 13, 1;
L_0x7ff869f15ef0 .part v0x7ff869f14890_0, 12, 1;
L_0x7ff869f16070 .part v0x7ff869f14890_0, 9, 1;
L_0x7ff869f15e00 .part v0x7ff869f14890_0, 8, 1;
L_0x7ff869f16240 .part v0x7ff869f14890_0, 5, 1;
L_0x7ff869f15fc0 .part v0x7ff869f14890_0, 4, 1;
L_0x7ff869f16420 .part v0x7ff869f14890_0, 1, 1;
L_0x7ff869f16180 .part v0x7ff869f14890_0, 0, 1;
L_0x7ff869f16610 .part/pv L_0x7ff869f16350, 0, 1, 4;
L_0x7ff869f166e0 .part v0x7ff869f14890_0, 14, 1;
L_0x7ff869f16860 .part v0x7ff869f14890_0, 12, 1;
L_0x7ff869f16530 .part v0x7ff869f14890_0, 10, 1;
L_0x7ff869f16a30 .part v0x7ff869f14890_0, 8, 1;
L_0x7ff869f16770 .part v0x7ff869f14890_0, 6, 1;
L_0x7ff869f16930 .part v0x7ff869f14890_0, 4, 1;
L_0x7ff869f15a50 .part v0x7ff869f14890_0, 2, 1;
L_0x7ff869f16b00 .part v0x7ff869f14890_0, 0, 1;
    .scope S_0x7ff869f147b0;
T_0 ;
    %wait E_0x7ff869f13f50;
    %load/v 8, v0x7ff869f14890_0, 1; Only need 1 of 16 bits
; Save base=8 wid=1 in lookaside.
    %ix/load 0, 1, 0;
    %ix/load 1, 15, 0;
    %assign/v0/x1 v0x7ff869f14890_0, 0, 8;
    %ix/load 1, 15, 0;
    %mov 4, 0, 1;
    %jmp/1 T_0.0, 4;
    %load/x1p 8, v0x7ff869f14890_0, 1;
    %jmp T_0.1;
T_0.0 ;
    %mov 8, 2, 1;
T_0.1 ;
; Save base=8 wid=1 in lookaside.
    %ix/load 0, 1, 0;
    %ix/load 1, 14, 0;
    %assign/v0/x1 v0x7ff869f14890_0, 0, 8;
    %ix/load 1, 14, 0;
    %mov 4, 0, 1;
    %jmp/1 T_0.2, 4;
    %load/x1p 8, v0x7ff869f14890_0, 1;
    %jmp T_0.3;
T_0.2 ;
    %mov 8, 2, 1;
T_0.3 ;
; Save base=8 wid=1 in lookaside.
    %ix/load 0, 1, 0;
    %ix/load 1, 13, 0;
    %assign/v0/x1 v0x7ff869f14890_0, 0, 8;
    %ix/load 1, 13, 0;
    %mov 4, 0, 1;
    %jmp/1 T_0.4, 4;
    %load/x1p 8, v0x7ff869f14890_0, 1;
    %jmp T_0.5;
T_0.4 ;
    %mov 8, 2, 1;
T_0.5 ;
; Save base=8 wid=1 in lookaside.
    %ix/load 0, 1, 0;
    %ix/load 1, 12, 0;
    %assign/v0/x1 v0x7ff869f14890_0, 0, 8;
    %ix/load 1, 12, 0;
    %mov 4, 0, 1;
    %jmp/1 T_0.6, 4;
    %load/x1p 8, v0x7ff869f14890_0, 1;
    %jmp T_0.7;
T_0.6 ;
    %mov 8, 2, 1;
T_0.7 ;
; Save base=8 wid=1 in lookaside.
    %ix/load 0, 1, 0;
    %ix/load 1, 11, 0;
    %assign/v0/x1 v0x7ff869f14890_0, 0, 8;
    %ix/load 1, 11, 0;
    %mov 4, 0, 1;
    %jmp/1 T_0.8, 4;
    %load/x1p 8, v0x7ff869f14890_0, 1;
    %jmp T_0.9;
T_0.8 ;
    %mov 8, 2, 1;
T_0.9 ;
; Save base=8 wid=1 in lookaside.
    %ix/load 0, 1, 0;
    %ix/load 1, 10, 0;
    %assign/v0/x1 v0x7ff869f14890_0, 0, 8;
    %ix/load 1, 10, 0;
    %mov 4, 0, 1;
    %jmp/1 T_0.10, 4;
    %load/x1p 8, v0x7ff869f14890_0, 1;
    %jmp T_0.11;
T_0.10 ;
    %mov 8, 2, 1;
T_0.11 ;
; Save base=8 wid=1 in lookaside.
    %ix/load 0, 1, 0;
    %ix/load 1, 9, 0;
    %assign/v0/x1 v0x7ff869f14890_0, 0, 8;
    %ix/load 1, 9, 0;
    %mov 4, 0, 1;
    %jmp/1 T_0.12, 4;
    %load/x1p 8, v0x7ff869f14890_0, 1;
    %jmp T_0.13;
T_0.12 ;
    %mov 8, 2, 1;
T_0.13 ;
; Save base=8 wid=1 in lookaside.
    %ix/load 0, 1, 0;
    %ix/load 1, 8, 0;
    %assign/v0/x1 v0x7ff869f14890_0, 0, 8;
    %ix/load 1, 8, 0;
    %mov 4, 0, 1;
    %jmp/1 T_0.14, 4;
    %load/x1p 8, v0x7ff869f14890_0, 1;
    %jmp T_0.15;
T_0.14 ;
    %mov 8, 2, 1;
T_0.15 ;
; Save base=8 wid=1 in lookaside.
    %ix/load 0, 1, 0;
    %ix/load 1, 7, 0;
    %assign/v0/x1 v0x7ff869f14890_0, 0, 8;
    %ix/load 1, 7, 0;
    %mov 4, 0, 1;
    %jmp/1 T_0.16, 4;
    %load/x1p 8, v0x7ff869f14890_0, 1;
    %jmp T_0.17;
T_0.16 ;
    %mov 8, 2, 1;
T_0.17 ;
; Save base=8 wid=1 in lookaside.
    %ix/load 0, 1, 0;
    %ix/load 1, 6, 0;
    %assign/v0/x1 v0x7ff869f14890_0, 0, 8;
    %ix/load 1, 6, 0;
    %mov 4, 0, 1;
    %jmp/1 T_0.18, 4;
    %load/x1p 8, v0x7ff869f14890_0, 1;
    %jmp T_0.19;
T_0.18 ;
    %mov 8, 2, 1;
T_0.19 ;
; Save base=8 wid=1 in lookaside.
    %ix/load 0, 1, 0;
    %ix/load 1, 5, 0;
    %assign/v0/x1 v0x7ff869f14890_0, 0, 8;
    %ix/load 1, 5, 0;
    %mov 4, 0, 1;
    %jmp/1 T_0.20, 4;
    %load/x1p 8, v0x7ff869f14890_0, 1;
    %jmp T_0.21;
T_0.20 ;
    %mov 8, 2, 1;
T_0.21 ;
; Save base=8 wid=1 in lookaside.
    %ix/load 0, 1, 0;
    %ix/load 1, 4, 0;
    %assign/v0/x1 v0x7ff869f14890_0, 0, 8;
    %ix/load 1, 4, 0;
    %mov 4, 0, 1;
    %jmp/1 T_0.22, 4;
    %load/x1p 8, v0x7ff869f14890_0, 1;
    %jmp T_0.23;
T_0.22 ;
    %mov 8, 2, 1;
T_0.23 ;
; Save base=8 wid=1 in lookaside.
    %ix/load 0, 1, 0;
    %ix/load 1, 3, 0;
    %assign/v0/x1 v0x7ff869f14890_0, 0, 8;
    %ix/load 1, 3, 0;
    %mov 4, 0, 1;
    %jmp/1 T_0.24, 4;
    %load/x1p 8, v0x7ff869f14890_0, 1;
    %jmp T_0.25;
T_0.24 ;
    %mov 8, 2, 1;
T_0.25 ;
; Save base=8 wid=1 in lookaside.
    %ix/load 0, 1, 0;
    %ix/load 1, 2, 0;
    %assign/v0/x1 v0x7ff869f14890_0, 0, 8;
    %ix/load 1, 2, 0;
    %mov 4, 0, 1;
    %jmp/1 T_0.26, 4;
    %load/x1p 8, v0x7ff869f14890_0, 1;
    %jmp T_0.27;
T_0.26 ;
    %mov 8, 2, 1;
T_0.27 ;
; Save base=8 wid=1 in lookaside.
    %ix/load 0, 1, 0;
    %ix/load 1, 1, 0;
    %assign/v0/x1 v0x7ff869f14890_0, 0, 8;
    %ix/load 1, 1, 0;
    %mov 4, 0, 1;
    %jmp/1 T_0.28, 4;
    %load/x1p 8, v0x7ff869f14890_0, 1;
    %jmp T_0.29;
T_0.28 ;
    %mov 8, 2, 1;
T_0.29 ;
; Save base=8 wid=1 in lookaside.
    %ix/load 0, 1, 0;
    %ix/load 1, 0, 0;
    %assign/v0/x1 v0x7ff869f14890_0, 0, 8;
    %jmp T_0;
    .thread T_0;
    .scope S_0x7ff869f147b0;
T_1 ;
    %movi 8, 32768, 16;
    %set/v v0x7ff869f14890_0, 8, 16;
    %end;
    .thread T_1;
    .scope S_0x7ff869f02d00;
T_2 ;
    %set/v v0x7ff869f14910_0, 0, 1;
    %delay 1, 0;
    %set/v v0x7ff869f14910_0, 1, 1;
    %delay 1, 0;
    %jmp T_2;
    .thread T_2;
    .scope S_0x7ff869f02d00;
T_3 ;
    %delay 36, 0;
    %vpi_call 2 20 "$finish";
    %end;
    .thread T_3;
    .scope S_0x7ff869f02d00;
T_4 ;
    %vpi_call 2 23 "$display", "Time CLK  Q         C  C";
    %vpi_call 2 24 "$monitor", "%4d   %b  %b  %b  %d", $time, v0x7ff869f14910_0, v0x7ff869f14990_0, v0x7ff869f14160_0, v0x7ff869f14160_0;
    %end;
    .thread T_4;
# The file index is used to find the file name in the following table.
:file_names 3;
    "N/A";
    "<interactive>";
    "solution.v";
