#! /gaia/home/faculty/changw/ivl/bin/vvp
:ivl_version "0.9.6 " "(v0_9_6)";
:vpi_time_precision + 0;
:vpi_module "system";
:vpi_module "v2005_math";
:vpi_module "va_math";
S_0xd6d540 .scope module, "tester" "tester" 2 6;
 .timescale 0 0;
P_0xd75488 .param/l "STDIN" 2 9, C4<10000000000000000000000000000000>;
P_0xd754b0 .param/l "minus_sign" 2 8, +C4<0101101>;
P_0xd754d8 .param/l "plus_sign" 2 7, +C4<0101011>;
v0xd9e760_0 .var "C0", 0 0;
v0xd9e7e0_0 .net "C4", 0 0, L_0xda1000; 1 drivers
v0xd9e860_0 .net "C5", 0 0, L_0xda1570; 1 drivers
v0xd9e930_0 .net "E", 0 0, L_0xd9deb0; 1 drivers
RS_0x7fa897041708/0/0 .resolv tri, L_0xd9ff70, L_0xda05c0, L_0xda0e70, L_0xda1360;
RS_0x7fa897041708/0/4 .resolv tri, L_0xda1450, C4<zzzzz>, C4<zzzzz>, C4<zzzzz>;
RS_0x7fa897041708 .resolv tri, RS_0x7fa897041708/0/0, RS_0x7fa897041708/0/4, C4<zzzzz>, C4<zzzzz>;
v0xd9e9b0_0 .net8 "S", 4 0, RS_0x7fa897041708; 5 drivers
v0xd9ea30_0 .var "X", 4 0;
v0xd9eab0_0 .var "Y", 4 0;
v0xd9eb30 .array "str", 3 1, 7 0;
S_0xd6c6e0 .scope module, "myAddSub" "AdderSubtractorMod" 2 17, 2 49, S_0xd6d540;
 .timescale 0 0;
L_0xd9deb0 .functor XOR 1, L_0xda1000, L_0xda1570, C4<0>, C4<0>;
L_0xd9ed80 .functor XOR 1, v0xd9e760_0, L_0xd9ede0, C4<0>, C4<0>;
L_0xd9f010 .functor XOR 1, v0xd9e760_0, L_0xd9f150, C4<0>, C4<0>;
L_0xd9f290 .functor XOR 1, v0xd9e760_0, L_0xd9f340, C4<0>, C4<0>;
L_0xd9f5f0 .functor XOR 1, v0xd9e760_0, L_0xd9f650, C4<0>, C4<0>;
L_0xd9f7e0 .functor XOR 1, v0xd9e760_0, L_0xd9f890, C4<0>, C4<0>;
v0xd9d800_0 .net "C0", 0 0, v0xd9e760_0; 1 drivers
v0xd9d8a0_0 .net "C1", 0 0, L_0xd9f0c0; 1 drivers
v0xd9d970_0 .net "C2", 0 0, L_0xda01a0; 1 drivers
v0xd9da40_0 .net "C3", 0 0, L_0xda0890; 1 drivers
v0xd9db10_0 .alias "C4", 0 0, v0xd9e7e0_0;
v0xd9dbe0_0 .alias "C5", 0 0, v0xd9e860_0;
v0xd9dc60_0 .alias "E", 0 0, v0xd9e930_0;
v0xd9dce0_0 .alias "S", 4 0, v0xd9e9b0_0;
v0xd9ddb0_0 .net "X", 4 0, v0xd9ea30_0; 1 drivers
v0xd9de30_0 .net "Y", 4 0, v0xd9eab0_0; 1 drivers
v0xd9df30_0 .net *"_s10", 0 0, L_0xd9f150; 1 drivers
v0xd9dfd0_0 .net *"_s12", 0 0, L_0xd9f290; 1 drivers
v0xd9e0e0_0 .net *"_s15", 0 0, L_0xd9f340; 1 drivers
v0xd9e180_0 .net *"_s17", 0 0, L_0xd9f5f0; 1 drivers
v0xd9e2a0_0 .net *"_s2", 0 0, L_0xd9ed80; 1 drivers
v0xd9e340_0 .net *"_s20", 0 0, L_0xd9f650; 1 drivers
v0xd9e200_0 .net *"_s22", 0 0, L_0xd9f7e0; 1 drivers
v0xd9e490_0 .net *"_s25", 0 0, L_0xd9f890; 1 drivers
v0xd9e5b0_0 .net *"_s5", 0 0, L_0xd9ede0; 1 drivers
v0xd9e630_0 .net *"_s7", 0 0, L_0xd9f010; 1 drivers
RS_0x7fa897041978/0/0 .resolv tri, L_0xd9ece0, L_0xd9ef20, L_0xd9f1f0, L_0xd9f4c0;
RS_0x7fa897041978/0/4 .resolv tri, L_0xd9f740, C4<zzzzz>, C4<zzzzz>, C4<zzzzz>;
RS_0x7fa897041978 .resolv tri, RS_0x7fa897041978/0/0, RS_0x7fa897041978/0/4, C4<zzzzz>, C4<zzzzz>;
v0xd9e510_0 .net8 "xorY", 4 0, RS_0x7fa897041978; 5 drivers
L_0xd9ece0 .part/pv L_0xd9ed80, 0, 1, 5;
L_0xd9ede0 .part v0xd9eab0_0, 0, 1;
L_0xd9ef20 .part/pv L_0xd9f010, 1, 1, 5;
L_0xd9f150 .part v0xd9eab0_0, 1, 1;
L_0xd9f1f0 .part/pv L_0xd9f290, 2, 1, 5;
L_0xd9f340 .part v0xd9eab0_0, 2, 1;
L_0xd9f4c0 .part/pv L_0xd9f5f0, 3, 1, 5;
L_0xd9f650 .part v0xd9eab0_0, 3, 1;
L_0xd9f740 .part/pv L_0xd9f7e0, 4, 1, 5;
L_0xd9f890 .part v0xd9eab0_0, 4, 1;
L_0xd9fde0 .part v0xd9ea30_0, 0, 1;
L_0xd9fed0 .part RS_0x7fa897041978, 0, 1;
L_0xd9ff70 .part/pv L_0xd9fd80, 0, 1, 5;
L_0xda0400 .part v0xd9ea30_0, 1, 1;
L_0xda0520 .part RS_0x7fa897041978, 1, 1;
L_0xda05c0 .part/pv L_0xda03a0, 1, 1, 5;
L_0xda0af0 .part v0xd9ea30_0, 2, 1;
L_0xda0c20 .part RS_0x7fa897041978, 2, 1;
L_0xda0e70 .part/pv L_0xda0a90, 2, 1, 5;
L_0xda1210 .part v0xd9ea30_0, 3, 1;
L_0xda0dd0 .part RS_0x7fa897041978, 3, 1;
L_0xda1360 .part/pv L_0xda11b0, 3, 1, 5;
L_0xda1810 .part v0xd9ea30_0, 4, 1;
L_0xda18b0 .part RS_0x7fa897041978, 4, 1;
L_0xda1450 .part/pv L_0xda17b0, 4, 1, 5;
S_0xd9d1d0 .scope module, "FA0" "FullAdderMod" 2 66, 2 73, S_0xd6c6e0;
 .timescale 0 0;
L_0xd9f9e0 .functor AND 1, L_0xd9fde0, L_0xd9fed0, C4<1>, C4<1>;
L_0xd9fa40 .functor AND 1, L_0xd9fc30, v0xd9e760_0, C4<1>, C4<1>;
L_0xd9f0c0 .functor OR 1, L_0xd9f9e0, L_0xd9fa40, C4<0>, C4<0>;
L_0xd9fc30 .functor XOR 1, L_0xd9fde0, L_0xd9fed0, C4<0>, C4<0>;
L_0xd9fd80 .functor XOR 1, v0xd9e760_0, L_0xd9fc30, C4<0>, C4<0>;
v0xd9d2c0_0 .alias "C", 0 0, v0xd9d8a0_0;
v0xd9d360_0 .net "S", 0 0, L_0xd9fd80; 1 drivers
v0xd9d3e0_0 .net "and0", 0 0, L_0xd9f9e0; 1 drivers
v0xd9d480_0 .net "and1", 0 0, L_0xd9fa40; 1 drivers
v0xd9d530_0 .net "x", 0 0, L_0xd9fde0; 1 drivers
v0xd9d5d0_0 .net "xor0", 0 0, L_0xd9fc30; 1 drivers
v0xd9d670_0 .net "y", 0 0, L_0xd9fed0; 1 drivers
v0xd9d710_0 .alias "z", 0 0, v0xd9d800_0;
S_0xd9cba0 .scope module, "FA1" "FullAdderMod" 2 67, 2 73, S_0xd6c6e0;
 .timescale 0 0;
L_0xd9f980 .functor AND 1, L_0xda0400, L_0xda0520, C4<1>, C4<1>;
L_0xda00b0 .functor AND 1, L_0xda0250, L_0xd9f0c0, C4<1>, C4<1>;
L_0xda01a0 .functor OR 1, L_0xd9f980, L_0xda00b0, C4<0>, C4<0>;
L_0xda0250 .functor XOR 1, L_0xda0400, L_0xda0520, C4<0>, C4<0>;
L_0xda03a0 .functor XOR 1, L_0xd9f0c0, L_0xda0250, C4<0>, C4<0>;
v0xd9cc90_0 .alias "C", 0 0, v0xd9d970_0;
v0xd9cd30_0 .net "S", 0 0, L_0xda03a0; 1 drivers
v0xd9cdb0_0 .net "and0", 0 0, L_0xd9f980; 1 drivers
v0xd9ce50_0 .net "and1", 0 0, L_0xda00b0; 1 drivers
v0xd9cf00_0 .net "x", 0 0, L_0xda0400; 1 drivers
v0xd9cfa0_0 .net "xor0", 0 0, L_0xda0250; 1 drivers
v0xd9d040_0 .net "y", 0 0, L_0xda0520; 1 drivers
v0xd9d0e0_0 .alias "z", 0 0, v0xd9d8a0_0;
S_0xd9c570 .scope module, "FA2" "FullAdderMod" 2 68, 2 73, S_0xd6c6e0;
 .timescale 0 0;
L_0xda0740 .functor AND 1, L_0xda0af0, L_0xda0c20, C4<1>, C4<1>;
L_0xda07a0 .functor AND 1, L_0xda0940, L_0xda01a0, C4<1>, C4<1>;
L_0xda0890 .functor OR 1, L_0xda0740, L_0xda07a0, C4<0>, C4<0>;
L_0xda0940 .functor XOR 1, L_0xda0af0, L_0xda0c20, C4<0>, C4<0>;
L_0xda0a90 .functor XOR 1, L_0xda01a0, L_0xda0940, C4<0>, C4<0>;
v0xd9c660_0 .alias "C", 0 0, v0xd9da40_0;
v0xd9c700_0 .net "S", 0 0, L_0xda0a90; 1 drivers
v0xd9c780_0 .net "and0", 0 0, L_0xda0740; 1 drivers
v0xd9c820_0 .net "and1", 0 0, L_0xda07a0; 1 drivers
v0xd9c8d0_0 .net "x", 0 0, L_0xda0af0; 1 drivers
v0xd9c970_0 .net "xor0", 0 0, L_0xda0940; 1 drivers
v0xd9ca10_0 .net "y", 0 0, L_0xda0c20; 1 drivers
v0xd9cab0_0 .alias "z", 0 0, v0xd9d970_0;
S_0xd9bf40 .scope module, "FA3" "FullAdderMod" 2 69, 2 73, S_0xd6c6e0;
 .timescale 0 0;
L_0xda06b0 .functor AND 1, L_0xda1210, L_0xda0dd0, C4<1>, C4<1>;
L_0xda0f10 .functor AND 1, L_0xda1060, L_0xda0890, C4<1>, C4<1>;
L_0xda1000 .functor OR 1, L_0xda06b0, L_0xda0f10, C4<0>, C4<0>;
L_0xda1060 .functor XOR 1, L_0xda1210, L_0xda0dd0, C4<0>, C4<0>;
L_0xda11b0 .functor XOR 1, L_0xda0890, L_0xda1060, C4<0>, C4<0>;
v0xd9c030_0 .alias "C", 0 0, v0xd9e7e0_0;
v0xd9c0d0_0 .net "S", 0 0, L_0xda11b0; 1 drivers
v0xd9c150_0 .net "and0", 0 0, L_0xda06b0; 1 drivers
v0xd9c1f0_0 .net "and1", 0 0, L_0xda0f10; 1 drivers
v0xd9c2a0_0 .net "x", 0 0, L_0xda1210; 1 drivers
v0xd9c340_0 .net "xor0", 0 0, L_0xda1060; 1 drivers
v0xd9c3e0_0 .net "y", 0 0, L_0xda0dd0; 1 drivers
v0xd9c480_0 .alias "z", 0 0, v0xd9da40_0;
S_0xd6b880 .scope module, "FA4" "FullAdderMod" 2 70, 2 73, S_0xd6c6e0;
 .timescale 0 0;
L_0xda12b0 .functor AND 1, L_0xda1810, L_0xda18b0, C4<1>, C4<1>;
L_0xda1510 .functor AND 1, L_0xda1660, L_0xda1000, C4<1>, C4<1>;
L_0xda1570 .functor OR 1, L_0xda12b0, L_0xda1510, C4<0>, C4<0>;
L_0xda1660 .functor XOR 1, L_0xda1810, L_0xda18b0, C4<0>, C4<0>;
L_0xda17b0 .functor XOR 1, L_0xda1000, L_0xda1660, C4<0>, C4<0>;
v0xd75250_0 .alias "C", 0 0, v0xd9e860_0;
v0xd9ba40_0 .net "S", 0 0, L_0xda17b0; 1 drivers
v0xd9bae0_0 .net "and0", 0 0, L_0xda12b0; 1 drivers
v0xd9bb80_0 .net "and1", 0 0, L_0xda1510; 1 drivers
v0xd9bc30_0 .net "x", 0 0, L_0xda1810; 1 drivers
v0xd9bcd0_0 .net "xor0", 0 0, L_0xda1660; 1 drivers
v0xd9bdb0_0 .net "y", 0 0, L_0xda18b0; 1 drivers
v0xd9be50_0 .alias "z", 0 0, v0xd9e7e0_0;
    .scope S_0xd6d540;
T_0 ;
    %vpi_call 2 20 "$display", "Enter X (range 00 ~ 15): ";
    %vpi_func 2 21 "$fgetc", 8, 32, P_0xd75488;
   %ix/load 1, 0, 0;
   %ix/load 3, 0, 0;
   %set/av v0xd9eb30, 8, 8;
    %vpi_func 2 22 "$fgetc", 8, 32, P_0xd75488;
   %ix/load 1, 0, 0;
   %ix/load 3, 1, 0;
   %set/av v0xd9eb30, 8, 8;
    %vpi_func 2 23 "$fgetc", 8, 32, P_0xd75488;
   %ix/load 1, 0, 0;
   %ix/load 3, 2, 0;
   %set/av v0xd9eb30, 8, 8;
    %ix/load 3, 0, 0;
    %mov 4, 0, 1;
    %load/av 8, v0xd9eb30, 8;
    %mov 16, 0, 24;
    %subi 8, 48, 32;
    %muli 8, 10, 32;
    %ix/load 3, 1, 0;
    %mov 4, 0, 1;
    %load/av 40, v0xd9eb30, 8;
    %mov 48, 0, 8;
    %mov 56, 0, 16;
    %add 8, 40, 32;
    %subi 8, 48, 32;
    %set/v v0xd9ea30_0, 8, 5;
    %vpi_call 2 26 "$display", "Enter Y (range 00 ~ 15): ";
    %vpi_func 2 27 "$fgetc", 8, 32, P_0xd75488;
   %ix/load 1, 0, 0;
   %ix/load 3, 0, 0;
   %set/av v0xd9eb30, 8, 8;
    %vpi_func 2 28 "$fgetc", 8, 32, P_0xd75488;
   %ix/load 1, 0, 0;
   %ix/load 3, 1, 0;
   %set/av v0xd9eb30, 8, 8;
    %vpi_func 2 29 "$fgetc", 8, 32, P_0xd75488;
   %ix/load 1, 0, 0;
   %ix/load 3, 2, 0;
   %set/av v0xd9eb30, 8, 8;
    %ix/load 3, 0, 0;
    %mov 4, 0, 1;
    %load/av 8, v0xd9eb30, 8;
    %mov 16, 0, 24;
    %subi 8, 48, 32;
    %muli 8, 10, 32;
    %ix/load 3, 1, 0;
    %mov 4, 0, 1;
    %load/av 40, v0xd9eb30, 8;
    %mov 48, 0, 8;
    %mov 56, 0, 16;
    %add 8, 40, 32;
    %subi 8, 48, 32;
    %set/v v0xd9eab0_0, 8, 5;
    %vpi_call 2 32 "$display", "Enter '+' or '-': ";
    %vpi_func 2 33 "$fgetc", 8, 32, P_0xd75488;
   %ix/load 1, 0, 0;
   %ix/load 3, 0, 0;
   %set/av v0xd9eb30, 8, 8;
    %vpi_func 2 34 "$fgetc", 8, 32, P_0xd75488;
   %ix/load 1, 0, 0;
   %ix/load 3, 1, 0;
   %set/av v0xd9eb30, 8, 8;
    %ix/load 3, 0, 0;
    %mov 4, 0, 1;
    %load/av 8, v0xd9eb30, 8;
    %mov 16, 0, 1;
    %cmpi/u 8, 43, 9;
    %jmp/0xz  T_0.0, 4;
    %set/v v0xd9e760_0, 0, 1;
    %jmp T_0.1;
T_0.0 ;
    %set/v v0xd9e760_0, 1, 1;
T_0.1 ;
    %delay 2, 0;
    %vpi_call 2 40 "$display", "X=%b (%d) Y=%b (%d) C0=%b", v0xd9ea30_0, v0xd9ea30_0, v0xd9eab0_0, v0xd9eab0_0, v0xd9e760_0;
    %vpi_call 2 41 "$display", "Result=%b (as unsigned %d)", v0xd9e9b0_0, v0xd9e9b0_0;
    %vpi_call 2 42 "$display", "C4=%b C5=%b E=%b", v0xd9e7e0_0, v0xd9e860_0, v0xd9e930_0;
    %load/v 8, v0xd9e930_0, 1;
    %mov 9, 0, 1;
    %cmpi/u 8, 0, 2;
    %jmp/0xz  T_0.2, 4;
    %vpi_call 2 44 "$display", "Since E is 0, C5 is not needed.";
    %jmp T_0.3;
T_0.2 ;
    %vpi_call 2 45 "$display", "Since E is 1, correct with C5 in front: %b%b", v0xd9e860_0, v0xd9e9b0_0;
T_0.3 ;
    %end;
    .thread T_0;
# The file index is used to find the file name in the following table.
:file_names 3;
    "N/A";
    "<interactive>";
    "AddSub.v";
